Arguments: 
  /Users/joaopedroasz/.nvm/versions/node/v16.14.0/bin/node /Users/joaopedroasz/.nvm/versions/node/v16.14.0/bin/yarn init

PATH: 
  /Users/joaopedroasz/.nvm/versions/node/v16.14.0/bin:/Users/joaopedroasz/.local/share/zinit/polaris/bin:/opt/homebrew/bin:/opt/homebrew/sbin:/usr/local/bin:/usr/bin:/bin:/usr/sbin:/sbin:/Library/Apple/usr/bin:/Users/joaopedroasz/.local/bin:/Users/joaopedroasz/.fig/bin:/Users/joaopedroasz/.local/bin:/Users/joaopedroasz/.local/bin

Yarn version: 
  1.22.17

Node version: 
  16.14.0

Platform: 
  darwin arm64

Trace: 
  Error: canceled
      at Interface.<anonymous> (/Users/joaopedroasz/.nvm/versions/node/v16.14.0/lib/node_modules/yarn/lib/cli.js:137143:13)
      at Interface.emit (node:events:520:28)
      at Interface._ttyWrite (node:readline:1081:16)
      at ReadStream.onkeypress (node:readline:288:10)
      at ReadStream.emit (node:events:520:28)
      at emitKeys (node:internal/readline/utils:358:14)
      at emitKeys.next (<anonymous>)
      at ReadStream.onData (node:internal/readline/emitKeypressEvents:61:36)
      at ReadStream.emit (node:events:520:28)
      at addChunk (node:internal/streams/readable:315:12)

npm manifest: 
  No manifest

yarn manifest: 
  No manifest

Lockfile: 
  No lockfile
